{"C:\\xampp\\htdocs\\testapp\\revolutionary-hotel-platform-github\\jest.config.js": {"path":"C:\\xampp\\htdocs\\testapp\\revolutionary-hotel-platform-github\\jest.config.js","statementMap":{"0":{"start":{"line":1,"column":0},"end":{"line":15,"column":2}}},"fnMap":{},"branchMap":{},"s":{"0":0},"f":{},"b":{}}
,"C:\\xampp\\htdocs\\testapp\\revolutionary-hotel-platform-github\\payment_modal_functions.js": {"path":"C:\\xampp\\htdocs\\testapp\\revolutionary-hotel-platform-github\\payment_modal_functions.js","statementMap":{"0":{"start":{"line":4,"column":4},"end":{"line":7,"column":5}},"1":{"start":{"line":5,"column":8},"end":{"line":5,"column":54}},"2":{"start":{"line":6,"column":8},"end":{"line":6,"column":15}},"3":{"start":{"line":10,"column":4},"end":{"line":10,"column":90}},"4":{"start":{"line":11,"column":4},"end":{"line":11,"column":111}},"5":{"start":{"line":14,"column":26},"end":{"line":14,"column":73}},"6":{"start":{"line":15,"column":23},"end":{"line":20,"column":5}},"7":{"start":{"line":21,"column":4},"end":{"line":21,"column":115}},"8":{"start":{"line":24,"column":4},"end":{"line":24,"column":71}},"9":{"start":{"line":28,"column":4},"end":{"line":28,"column":68}},"10":{"start":{"line":32,"column":4},"end":{"line":35,"column":5}},"11":{"start":{"line":33,"column":8},"end":{"line":33,"column":54}},"12":{"start":{"line":34,"column":8},"end":{"line":34,"column":15}},"13":{"start":{"line":37,"column":24},"end":{"line":42,"column":5}},"14":{"start":{"line":44,"column":25},"end":{"line":44,"column":202}},"15":{"start":{"line":46,"column":4},"end":{"line":58,"column":5}},"16":{"start":{"line":48,"column":21},"end":{"line":48,"column":51}},"17":{"start":{"line":49,"column":8},"end":{"line":49,"column":29}},"18":{"start":{"line":50,"column":8},"end":{"line":55,"column":10}},"19":{"start":{"line":56,"column":8},"end":{"line":56,"column":40}},"20":{"start":{"line":57,"column":8},"end":{"line":57,"column":22}}},"fnMap":{"0":{"name":"openPaymentModal","decl":{"start":{"line":3,"column":9},"end":{"line":3,"column":25}},"loc":{"start":{"line":3,"column":28},"end":{"line":25,"column":1}},"line":3},"1":{"name":"closePaymentModal","decl":{"start":{"line":27,"column":9},"end":{"line":27,"column":26}},"loc":{"start":{"line":27,"column":29},"end":{"line":29,"column":1}},"line":27},"2":{"name":"processPaymentStatus","decl":{"start":{"line":31,"column":9},"end":{"line":31,"column":29}},"loc":{"start":{"line":31,"column":38},"end":{"line":59,"column":1}},"line":31}},"branchMap":{"0":{"loc":{"start":{"line":4,"column":4},"end":{"line":7,"column":5}},"type":"if","locations":[{"start":{"line":4,"column":4},"end":{"line":7,"column":5}},{"start":{},"end":{}}],"line":4},"1":{"loc":{"start":{"line":21,"column":32},"end":{"line":21,"column":114}},"type":"binary-expr","locations":[{"start":{"line":21,"column":32},"end":{"line":21,"column":77}},{"start":{"line":21,"column":81},"end":{"line":21,"column":114}}],"line":21},"2":{"loc":{"start":{"line":32,"column":4},"end":{"line":35,"column":5}},"type":"if","locations":[{"start":{"line":32,"column":4},"end":{"line":35,"column":5}},{"start":{},"end":{}}],"line":32},"3":{"loc":{"start":{"line":46,"column":4},"end":{"line":58,"column":5}},"type":"if","locations":[{"start":{"line":46,"column":4},"end":{"line":58,"column":5}},{"start":{},"end":{}}],"line":46},"4":{"loc":{"start":{"line":54,"column":61},"end":{"line":54,"column":118}},"type":"cond-expr","locations":[{"start":{"line":54,"column":81},"end":{"line":54,"column":112}},{"start":{"line":54,"column":115},"end":{"line":54,"column":118}}],"line":54}},"s":{"0":0,"1":0,"2":0,"3":0,"4":0,"5":0,"6":0,"7":0,"8":0,"9":0,"10":0,"11":0,"12":0,"13":0,"14":0,"15":0,"16":0,"17":0,"18":0,"19":0,"20":0},"f":{"0":0,"1":0,"2":0},"b":{"0":[0,0],"1":[0,0],"2":[0,0],"3":[0,0],"4":[0,0]}}
,"C:\\xampp\\htdocs\\testapp\\revolutionary-hotel-platform-github\\playwright.config.js": {"path":"C:\\xampp\\htdocs\\testapp\\revolutionary-hotel-platform-github\\playwright.config.js","statementMap":{"0":{"start":{"line":1,"column":34},"end":{"line":1,"column":61}},"1":{"start":{"line":3,"column":0},"end":{"line":24,"column":3}}},"fnMap":{},"branchMap":{"0":{"loc":{"start":{"line":8,"column":11},"end":{"line":8,"column":33}},"type":"cond-expr","locations":[{"start":{"line":8,"column":28},"end":{"line":8,"column":29}},{"start":{"line":8,"column":32},"end":{"line":8,"column":33}}],"line":8},"1":{"loc":{"start":{"line":9,"column":11},"end":{"line":9,"column":41}},"type":"cond-expr","locations":[{"start":{"line":9,"column":28},"end":{"line":9,"column":29}},{"start":{"line":9,"column":32},"end":{"line":9,"column":41}}],"line":9}},"s":{"0":0,"1":0},"f":{},"b":{"0":[0,0],"1":[0,0]}}
,"C:\\xampp\\htdocs\\testapp\\revolutionary-hotel-platform-github\\server4_app.js": {"path":"C:\\xampp\\htdocs\\testapp\\revolutionary-hotel-platform-github\\server4_app.js","statementMap":{"0":{"start":{"line":7,"column":0},"end":{"line":7,"column":27}},"1":{"start":{"line":8,"column":16},"end":{"line":8,"column":34}},"2":{"start":{"line":9,"column":13},"end":{"line":9,"column":28}},"3":{"start":{"line":10,"column":17},"end":{"line":10,"column":37}},"4":{"start":{"line":11,"column":13},"end":{"line":11,"column":28}},"5":{"start":{"line":12,"column":17},"end":{"line":12,"column":30}},"6":{"start":{"line":13,"column":14},"end":{"line":13,"column":30}},"7":{"start":{"line":16,"column":12},"end":{"line":16,"column":21}},"8":{"start":{"line":17,"column":15},"end":{"line":17,"column":37}},"9":{"start":{"line":18,"column":11},"end":{"line":23,"column":2}},"10":{"start":{"line":26,"column":0},"end":{"line":26,"column":16}},"11":{"start":{"line":27,"column":0},"end":{"line":27,"column":24}},"12":{"start":{"line":28,"column":0},"end":{"line":28,"column":48}},"13":{"start":{"line":31,"column":0},"end":{"line":31,"column":34}},"14":{"start":{"line":34,"column":19},"end":{"line":39,"column":1}},"15":{"start":{"line":42,"column":0},"end":{"line":44,"column":1}},"16":{"start":{"line":43,"column":4},"end":{"line":43,"column":50}},"17":{"start":{"line":46,"column":13},"end":{"line":46,"column":33}},"18":{"start":{"line":49,"column":20},"end":{"line":52,"column":2}},"19":{"start":{"line":54,"column":0},"end":{"line":54,"column":73}},"20":{"start":{"line":54,"column":33},"end":{"line":54,"column":71}},"21":{"start":{"line":55,"column":0},"end":{"line":55,"column":71}},"22":{"start":{"line":55,"column":32},"end":{"line":55,"column":69}},"23":{"start":{"line":58,"column":0},"end":{"line":60,"column":5}},"24":{"start":{"line":59,"column":4},"end":{"line":59,"column":32}},"25":{"start":{"line":65,"column":0},"end":{"line":168,"column":3}},"26":{"start":{"line":66,"column":4},"end":{"line":167,"column":7}},"27":{"start":{"line":171,"column":0},"end":{"line":178,"column":3}},"28":{"start":{"line":172,"column":4},"end":{"line":177,"column":7}},"29":{"start":{"line":181,"column":0},"end":{"line":195,"column":3}},"30":{"start":{"line":182,"column":4},"end":{"line":194,"column":7}},"31":{"start":{"line":198,"column":19},"end":{"line":198,"column":35}},"32":{"start":{"line":201,"column":0},"end":{"line":221,"column":3}},"33":{"start":{"line":202,"column":22},"end":{"line":202,"column":30}},"34":{"start":{"line":204,"column":4},"end":{"line":206,"column":5}},"35":{"start":{"line":205,"column":8},"end":{"line":205,"column":72}},"36":{"start":{"line":210,"column":17},"end":{"line":210,"column":71}},"37":{"start":{"line":211,"column":4},"end":{"line":211,"column":58}},"38":{"start":{"line":213,"column":4},"end":{"line":213,"column":59}},"39":{"start":{"line":215,"column":4},"end":{"line":220,"column":7}},"40":{"start":{"line":224,"column":0},"end":{"line":270,"column":3}},"41":{"start":{"line":225,"column":34},"end":{"line":225,"column":42}},"42":{"start":{"line":227,"column":4},"end":{"line":229,"column":5}},"43":{"start":{"line":228,"column":8},"end":{"line":228,"column":74}},"44":{"start":{"line":232,"column":23},"end":{"line":232,"column":63}},"45":{"start":{"line":234,"column":4},"end":{"line":236,"column":5}},"46":{"start":{"line":235,"column":8},"end":{"line":235,"column":76}},"47":{"start":{"line":239,"column":23},"end":{"line":239,"column":88}},"48":{"start":{"line":242,"column":4},"end":{"line":257,"column":5}},"49":{"start":{"line":244,"column":29},"end":{"line":247,"column":9}},"50":{"start":{"line":248,"column":8},"end":{"line":248,"column":36}},"51":{"start":{"line":251,"column":8},"end":{"line":254,"column":10}},"52":{"start":{"line":256,"column":8},"end":{"line":256,"column":34}},"53":{"start":{"line":260,"column":4},"end":{"line":260,"column":45}},"54":{"start":{"line":263,"column":18},"end":{"line":263,"column":34}},"55":{"start":{"line":265,"column":4},"end":{"line":269,"column":7}},"56":{"start":{"line":272,"column":0},"end":{"line":272,"column":33}},"57":{"start":{"line":275,"column":19},"end":{"line":275,"column":35}},"58":{"start":{"line":278,"column":0},"end":{"line":299,"column":3}},"59":{"start":{"line":279,"column":4},"end":{"line":298,"column":5}},"60":{"start":{"line":280,"column":26},"end":{"line":280,"column":36}},"61":{"start":{"line":281,"column":23},"end":{"line":288,"column":9}},"62":{"start":{"line":290,"column":8},"end":{"line":292,"column":9}},"63":{"start":{"line":291,"column":12},"end":{"line":291,"column":69}},"64":{"start":{"line":294,"column":8},"end":{"line":294,"column":33}},"65":{"start":{"line":296,"column":8},"end":{"line":296,"column":53}},"66":{"start":{"line":297,"column":8},"end":{"line":297,"column":56}},"67":{"start":{"line":302,"column":0},"end":{"line":328,"column":3}},"68":{"start":{"line":303,"column":4},"end":{"line":327,"column":5}},"69":{"start":{"line":304,"column":26},"end":{"line":304,"column":36}},"70":{"start":{"line":305,"column":45},"end":{"line":305,"column":53}},"71":{"start":{"line":308,"column":8},"end":{"line":313,"column":9}},"72":{"start":{"line":309,"column":12},"end":{"line":312,"column":14}},"73":{"start":{"line":316,"column":8},"end":{"line":321,"column":9}},"74":{"start":{"line":317,"column":12},"end":{"line":320,"column":14}},"75":{"start":{"line":323,"column":8},"end":{"line":323,"column":64}},"76":{"start":{"line":325,"column":8},"end":{"line":325,"column":53}},"77":{"start":{"line":326,"column":8},"end":{"line":326,"column":56}},"78":{"start":{"line":331,"column":0},"end":{"line":363,"column":3}},"79":{"start":{"line":332,"column":4},"end":{"line":362,"column":5}},"80":{"start":{"line":333,"column":45},"end":{"line":333,"column":53}},"81":{"start":{"line":335,"column":8},"end":{"line":337,"column":9}},"82":{"start":{"line":336,"column":12},"end":{"line":336,"column":70}},"83":{"start":{"line":340,"column":23},"end":{"line":345,"column":9}},"84":{"start":{"line":347,"column":27},"end":{"line":347,"column":38}},"85":{"start":{"line":348,"column":33},"end":{"line":348,"column":61}},"86":{"start":{"line":348,"column":53},"end":{"line":348,"column":60}},"87":{"start":{"line":351,"column":30},"end":{"line":353,"column":51}},"88":{"start":{"line":352,"column":29},"end":{"line":352,"column":85}},"89":{"start":{"line":353,"column":27},"end":{"line":353,"column":49}},"90":{"start":{"line":355,"column":8},"end":{"line":358,"column":11}},"91":{"start":{"line":360,"column":8},"end":{"line":360,"column":57}},"92":{"start":{"line":361,"column":8},"end":{"line":361,"column":56}},"93":{"start":{"line":365,"column":0},"end":{"line":365,"column":34}},"94":{"start":{"line":368,"column":22},"end":{"line":368,"column":38}},"95":{"start":{"line":371,"column":0},"end":{"line":389,"column":3}},"96":{"start":{"line":372,"column":4},"end":{"line":388,"column":5}},"97":{"start":{"line":373,"column":35},"end":{"line":373,"column":45}},"98":{"start":{"line":374,"column":23},"end":{"line":382,"column":9}},"99":{"start":{"line":384,"column":8},"end":{"line":384,"column":30}},"100":{"start":{"line":386,"column":8},"end":{"line":386,"column":57}},"101":{"start":{"line":387,"column":8},"end":{"line":387,"column":56}},"102":{"start":{"line":391,"column":0},"end":{"line":391,"column":40}},"103":{"start":{"line":394,"column":23},"end":{"line":394,"column":39}},"104":{"start":{"line":397,"column":0},"end":{"line":414,"column":3}},"105":{"start":{"line":398,"column":4},"end":{"line":413,"column":5}},"106":{"start":{"line":399,"column":23},"end":{"line":407,"column":9}},"107":{"start":{"line":409,"column":8},"end":{"line":409,"column":30}},"108":{"start":{"line":411,"column":8},"end":{"line":411,"column":58}},"109":{"start":{"line":412,"column":8},"end":{"line":412,"column":56}},"110":{"start":{"line":417,"column":0},"end":{"line":438,"column":3}},"111":{"start":{"line":418,"column":4},"end":{"line":437,"column":5}},"112":{"start":{"line":419,"column":27},"end":{"line":419,"column":37}},"113":{"start":{"line":420,"column":23},"end":{"line":427,"column":9}},"114":{"start":{"line":429,"column":8},"end":{"line":431,"column":9}},"115":{"start":{"line":430,"column":12},"end":{"line":430,"column":73}},"116":{"start":{"line":433,"column":8},"end":{"line":433,"column":33}},"117":{"start":{"line":435,"column":8},"end":{"line":435,"column":57}},"118":{"start":{"line":436,"column":8},"end":{"line":436,"column":56}},"119":{"start":{"line":441,"column":0},"end":{"line":458,"column":3}},"120":{"start":{"line":442,"column":4},"end":{"line":457,"column":5}},"121":{"start":{"line":443,"column":27},"end":{"line":443,"column":37}},"122":{"start":{"line":444,"column":23},"end":{"line":451,"column":9}},"123":{"start":{"line":453,"column":8},"end":{"line":453,"column":30}},"124":{"start":{"line":455,"column":8},"end":{"line":455,"column":62}},"125":{"start":{"line":456,"column":8},"end":{"line":456,"column":56}},"126":{"start":{"line":461,"column":0},"end":{"line":476,"column":3}},"127":{"start":{"line":462,"column":4},"end":{"line":475,"column":5}},"128":{"start":{"line":463,"column":27},"end":{"line":463,"column":37}},"129":{"start":{"line":464,"column":26},"end":{"line":464,"column":34}},"130":{"start":{"line":466,"column":8},"end":{"line":469,"column":10}},"131":{"start":{"line":471,"column":8},"end":{"line":471,"column":64}},"132":{"start":{"line":473,"column":8},"end":{"line":473,"column":56}},"133":{"start":{"line":474,"column":8},"end":{"line":474,"column":56}},"134":{"start":{"line":478,"column":0},"end":{"line":478,"column":42}},"135":{"start":{"line":481,"column":21},"end":{"line":481,"column":37}},"136":{"start":{"line":484,"column":0},"end":{"line":501,"column":3}},"137":{"start":{"line":485,"column":4},"end":{"line":500,"column":5}},"138":{"start":{"line":486,"column":26},"end":{"line":486,"column":36}},"139":{"start":{"line":488,"column":23},"end":{"line":494,"column":9}},"140":{"start":{"line":496,"column":8},"end":{"line":496,"column":30}},"141":{"start":{"line":498,"column":8},"end":{"line":498,"column":61}},"142":{"start":{"line":499,"column":8},"end":{"line":499,"column":56}},"143":{"start":{"line":504,"column":0},"end":{"line":547,"column":3}},"144":{"start":{"line":505,"column":4},"end":{"line":546,"column":5}},"145":{"start":{"line":506,"column":34},"end":{"line":506,"column":42}},"146":{"start":{"line":508,"column":8},"end":{"line":510,"column":9}},"147":{"start":{"line":509,"column":12},"end":{"line":509,"column":70}},"148":{"start":{"line":512,"column":23},"end":{"line":512,"column":43}},"149":{"start":{"line":514,"column":8},"end":{"line":542,"column":9}},"150":{"start":{"line":515,"column":12},"end":{"line":515,"column":40}},"151":{"start":{"line":518,"column":12},"end":{"line":521,"column":14}},"152":{"start":{"line":524,"column":12},"end":{"line":528,"column":14}},"153":{"start":{"line":530,"column":12},"end":{"line":530,"column":41}},"154":{"start":{"line":532,"column":12},"end":{"line":536,"column":15}},"155":{"start":{"line":538,"column":12},"end":{"line":538,"column":43}},"156":{"start":{"line":539,"column":12},"end":{"line":539,"column":24}},"157":{"start":{"line":541,"column":12},"end":{"line":541,"column":29}},"158":{"start":{"line":544,"column":8},"end":{"line":544,"column":58}},"159":{"start":{"line":545,"column":8},"end":{"line":545,"column":56}},"160":{"start":{"line":550,"column":0},"end":{"line":630,"column":3}},"161":{"start":{"line":551,"column":4},"end":{"line":629,"column":5}},"162":{"start":{"line":552,"column":62},"end":{"line":552,"column":70}},"163":{"start":{"line":554,"column":8},"end":{"line":556,"column":9}},"164":{"start":{"line":555,"column":12},"end":{"line":555,"column":70}},"165":{"start":{"line":558,"column":8},"end":{"line":560,"column":9}},"166":{"start":{"line":559,"column":12},"end":{"line":559,"column":82}},"167":{"start":{"line":562,"column":23},"end":{"line":562,"column":43}},"168":{"start":{"line":564,"column":8},"end":{"line":625,"column":9}},"169":{"start":{"line":565,"column":12},"end":{"line":565,"column":40}},"170":{"start":{"line":568,"column":33},"end":{"line":571,"column":13}},"171":{"start":{"line":573,"column":12},"end":{"line":575,"column":13}},"172":{"start":{"line":574,"column":16},"end":{"line":574,"column":52}},"173":{"start":{"line":577,"column":34},"end":{"line":577,"column":81}},"174":{"start":{"line":579,"column":12},"end":{"line":582,"column":13}},"175":{"start":{"line":580,"column":16},"end":{"line":580,"column":47}},"176":{"start":{"line":581,"column":16},"end":{"line":581,"column":79}},"177":{"start":{"line":585,"column":36},"end":{"line":588,"column":13}},"178":{"start":{"line":590,"column":12},"end":{"line":593,"column":13}},"179":{"start":{"line":591,"column":16},"end":{"line":591,"column":47}},"180":{"start":{"line":592,"column":16},"end":{"line":592,"column":78}},"181":{"start":{"line":596,"column":12},"end":{"line":599,"column":14}},"182":{"start":{"line":602,"column":12},"end":{"line":605,"column":14}},"183":{"start":{"line":608,"column":12},"end":{"line":612,"column":14}},"184":{"start":{"line":614,"column":12},"end":{"line":614,"column":41}},"185":{"start":{"line":616,"column":12},"end":{"line":619,"column":15}},"186":{"start":{"line":621,"column":12},"end":{"line":621,"column":43}},"187":{"start":{"line":622,"column":12},"end":{"line":622,"column":24}},"188":{"start":{"line":624,"column":12},"end":{"line":624,"column":29}},"189":{"start":{"line":627,"column":8},"end":{"line":627,"column":59}},"190":{"start":{"line":628,"column":8},"end":{"line":628,"column":73}},"191":{"start":{"line":632,"column":0},"end":{"line":632,"column":37}},"192":{"start":{"line":635,"column":21},"end":{"line":635,"column":37}},"193":{"start":{"line":638,"column":0},"end":{"line":673,"column":3}},"194":{"start":{"line":639,"column":4},"end":{"line":672,"column":5}},"195":{"start":{"line":640,"column":60},"end":{"line":640,"column":68}},"196":{"start":{"line":642,"column":8},"end":{"line":649,"column":10}},"197":{"start":{"line":652,"column":23},"end":{"line":655,"column":9}},"198":{"start":{"line":657,"column":29},"end":{"line":657,"column":43}},"199":{"start":{"line":658,"column":8},"end":{"line":666,"column":9}},"200":{"start":{"line":659,"column":12},"end":{"line":662,"column":14}},"201":{"start":{"line":665,"column":12},"end":{"line":665,"column":78}},"202":{"start":{"line":668,"column":8},"end":{"line":668,"column":65}},"203":{"start":{"line":670,"column":8},"end":{"line":670,"column":57}},"204":{"start":{"line":671,"column":8},"end":{"line":671,"column":56}},"205":{"start":{"line":675,"column":0},"end":{"line":675,"column":38}},"206":{"start":{"line":679,"column":23},"end":{"line":679,"column":32}},"207":{"start":{"line":681,"column":0},"end":{"line":770,"column":3}},"208":{"start":{"line":682,"column":4},"end":{"line":682,"column":52}},"209":{"start":{"line":685,"column":4},"end":{"line":694,"column":7}},"210":{"start":{"line":686,"column":8},"end":{"line":686,"column":45}},"211":{"start":{"line":687,"column":8},"end":{"line":687,"column":29}},"212":{"start":{"line":690,"column":8},"end":{"line":690,"column":88}},"213":{"start":{"line":691,"column":8},"end":{"line":691,"column":54}},"214":{"start":{"line":693,"column":8},"end":{"line":693,"column":51}},"215":{"start":{"line":697,"column":4},"end":{"line":716,"column":7}},"216":{"start":{"line":698,"column":52},"end":{"line":698,"column":56}},"217":{"start":{"line":701,"column":23},"end":{"line":704,"column":9}},"218":{"start":{"line":706,"column":24},"end":{"line":706,"column":38}},"219":{"start":{"line":709,"column":34},"end":{"line":709,"column":62}},"220":{"start":{"line":710,"column":8},"end":{"line":712,"column":9}},"221":{"start":{"line":711,"column":12},"end":{"line":711,"column":66}},"222":{"start":{"line":715,"column":8},"end":{"line":715,"column":45}},"223":{"start":{"line":719,"column":4},"end":{"line":745,"column":7}},"224":{"start":{"line":720,"column":51},"end":{"line":720,"column":55}},"225":{"start":{"line":723,"column":23},"end":{"line":728,"column":9}},"226":{"start":{"line":730,"column":24},"end":{"line":730,"column":38}},"227":{"start":{"line":733,"column":27},"end":{"line":736,"column":9}},"228":{"start":{"line":738,"column":8},"end":{"line":741,"column":9}},"229":{"start":{"line":739,"column":12},"end":{"line":739,"column":58}},"230":{"start":{"line":740,"column":12},"end":{"line":740,"column":68}},"231":{"start":{"line":744,"column":8},"end":{"line":744,"column":67}},"232":{"start":{"line":748,"column":4},"end":{"line":751,"column":7}},"233":{"start":{"line":749,"column":8},"end":{"line":749,"column":39}},"234":{"start":{"line":750,"column":8},"end":{"line":750,"column":67}},"235":{"start":{"line":754,"column":4},"end":{"line":759,"column":7}},"236":{"start":{"line":755,"column":34},"end":{"line":755,"column":67}},"237":{"start":{"line":756,"column":8},"end":{"line":758,"column":9}},"238":{"start":{"line":757,"column":12},"end":{"line":757,"column":87}},"239":{"start":{"line":762,"column":4},"end":{"line":769,"column":7}},"240":{"start":{"line":763,"column":8},"end":{"line":768,"column":9}},"241":{"start":{"line":764,"column":12},"end":{"line":764,"column":48}},"242":{"start":{"line":765,"column":12},"end":{"line":765,"column":119}},"243":{"start":{"line":766,"column":12},"end":{"line":766,"column":60}},"244":{"start":{"line":767,"column":12},"end":{"line":767,"column":61}},"245":{"start":{"line":774,"column":13},"end":{"line":774,"column":37}},"246":{"start":{"line":776,"column":0},"end":{"line":793,"column":3}},"247":{"start":{"line":777,"column":4},"end":{"line":792,"column":7}},"248":{"start":{"line":796,"column":0},"end":{"line":804,"column":3}},"249":{"start":{"line":797,"column":4},"end":{"line":797,"column":65}},"250":{"start":{"line":798,"column":4},"end":{"line":803,"column":7}},"251":{"start":{"line":799,"column":8},"end":{"line":799,"column":37}},"252":{"start":{"line":800,"column":8},"end":{"line":800,"column":19}},"253":{"start":{"line":801,"column":8},"end":{"line":801,"column":27}},"254":{"start":{"line":802,"column":8},"end":{"line":802,"column":24}}},"fnMap":{"0":{"name":"(anonymous_0)","decl":{"start":{"line":54,"column":24},"end":{"line":54,"column":25}},"loc":{"start":{"line":54,"column":33},"end":{"line":54,"column":71}},"line":54},"1":{"name":"(anonymous_1)","decl":{"start":{"line":55,"column":26},"end":{"line":55,"column":27}},"loc":{"start":{"line":55,"column":32},"end":{"line":55,"column":69}},"line":55},"2":{"name":"(anonymous_2)","decl":{"start":{"line":58,"column":1},"end":{"line":58,"column":2}},"loc":{"start":{"line":58,"column":13},"end":{"line":60,"column":1}},"line":58},"3":{"name":"(anonymous_3)","decl":{"start":{"line":65,"column":13},"end":{"line":65,"column":14}},"loc":{"start":{"line":65,"column":27},"end":{"line":168,"column":1}},"line":65},"4":{"name":"(anonymous_4)","decl":{"start":{"line":171,"column":19},"end":{"line":171,"column":20}},"loc":{"start":{"line":171,"column":33},"end":{"line":178,"column":1}},"line":171},"5":{"name":"(anonymous_5)","decl":{"start":{"line":181,"column":16},"end":{"line":181,"column":17}},"loc":{"start":{"line":181,"column":30},"end":{"line":195,"column":1}},"line":181},"6":{"name":"(anonymous_6)","decl":{"start":{"line":201,"column":33},"end":{"line":201,"column":34}},"loc":{"start":{"line":201,"column":53},"end":{"line":221,"column":1}},"line":201},"7":{"name":"(anonymous_7)","decl":{"start":{"line":224,"column":32},"end":{"line":224,"column":33}},"loc":{"start":{"line":224,"column":52},"end":{"line":270,"column":1}},"line":224},"8":{"name":"(anonymous_8)","decl":{"start":{"line":278,"column":26},"end":{"line":278,"column":27}},"loc":{"start":{"line":278,"column":46},"end":{"line":299,"column":1}},"line":278},"9":{"name":"(anonymous_9)","decl":{"start":{"line":302,"column":26},"end":{"line":302,"column":27}},"loc":{"start":{"line":302,"column":46},"end":{"line":328,"column":1}},"line":302},"10":{"name":"(anonymous_10)","decl":{"start":{"line":331,"column":35},"end":{"line":331,"column":36}},"loc":{"start":{"line":331,"column":55},"end":{"line":363,"column":1}},"line":331},"11":{"name":"(anonymous_11)","decl":{"start":{"line":348,"column":48},"end":{"line":348,"column":49}},"loc":{"start":{"line":348,"column":53},"end":{"line":348,"column":60}},"line":348},"12":{"name":"(anonymous_12)","decl":{"start":{"line":352,"column":20},"end":{"line":352,"column":21}},"loc":{"start":{"line":352,"column":29},"end":{"line":352,"column":85}},"line":352},"13":{"name":"(anonymous_13)","decl":{"start":{"line":353,"column":17},"end":{"line":353,"column":18}},"loc":{"start":{"line":353,"column":27},"end":{"line":353,"column":49}},"line":353},"14":{"name":"(anonymous_14)","decl":{"start":{"line":371,"column":51},"end":{"line":371,"column":52}},"loc":{"start":{"line":371,"column":71},"end":{"line":389,"column":1}},"line":371},"15":{"name":"(anonymous_15)","decl":{"start":{"line":397,"column":30},"end":{"line":397,"column":31}},"loc":{"start":{"line":397,"column":50},"end":{"line":414,"column":1}},"line":397},"16":{"name":"(anonymous_16)","decl":{"start":{"line":417,"column":31},"end":{"line":417,"column":32}},"loc":{"start":{"line":417,"column":51},"end":{"line":438,"column":1}},"line":417},"17":{"name":"(anonymous_17)","decl":{"start":{"line":441,"column":40},"end":{"line":441,"column":41}},"loc":{"start":{"line":441,"column":60},"end":{"line":458,"column":1}},"line":441},"18":{"name":"(anonymous_18)","decl":{"start":{"line":461,"column":37},"end":{"line":461,"column":38}},"loc":{"start":{"line":461,"column":57},"end":{"line":476,"column":1}},"line":461},"19":{"name":"(anonymous_19)","decl":{"start":{"line":484,"column":41},"end":{"line":484,"column":42}},"loc":{"start":{"line":484,"column":61},"end":{"line":501,"column":1}},"line":484},"20":{"name":"(anonymous_20)","decl":{"start":{"line":504,"column":30},"end":{"line":504,"column":31}},"loc":{"start":{"line":504,"column":50},"end":{"line":547,"column":1}},"line":504},"21":{"name":"(anonymous_21)","decl":{"start":{"line":550,"column":31},"end":{"line":550,"column":32}},"loc":{"start":{"line":550,"column":51},"end":{"line":630,"column":1}},"line":550},"22":{"name":"(anonymous_22)","decl":{"start":{"line":638,"column":35},"end":{"line":638,"column":36}},"loc":{"start":{"line":638,"column":55},"end":{"line":673,"column":1}},"line":638},"23":{"name":"(anonymous_23)","decl":{"start":{"line":681,"column":20},"end":{"line":681,"column":21}},"loc":{"start":{"line":681,"column":32},"end":{"line":770,"column":1}},"line":681},"24":{"name":"(anonymous_24)","decl":{"start":{"line":685,"column":30},"end":{"line":685,"column":31}},"loc":{"start":{"line":685,"column":47},"end":{"line":694,"column":5}},"line":685},"25":{"name":"(anonymous_25)","decl":{"start":{"line":697,"column":30},"end":{"line":697,"column":31}},"loc":{"start":{"line":697,"column":46},"end":{"line":716,"column":5}},"line":697},"26":{"name":"(anonymous_26)","decl":{"start":{"line":719,"column":35},"end":{"line":719,"column":36}},"loc":{"start":{"line":719,"column":51},"end":{"line":745,"column":5}},"line":719},"27":{"name":"(anonymous_27)","decl":{"start":{"line":748,"column":27},"end":{"line":748,"column":28}},"loc":{"start":{"line":748,"column":40},"end":{"line":751,"column":5}},"line":748},"28":{"name":"(anonymous_28)","decl":{"start":{"line":754,"column":24},"end":{"line":754,"column":25}},"loc":{"start":{"line":754,"column":34},"end":{"line":759,"column":5}},"line":754},"29":{"name":"(anonymous_29)","decl":{"start":{"line":762,"column":28},"end":{"line":762,"column":29}},"loc":{"start":{"line":762,"column":40},"end":{"line":769,"column":5}},"line":762},"30":{"name":"(anonymous_30)","decl":{"start":{"line":776,"column":31},"end":{"line":776,"column":32}},"loc":{"start":{"line":776,"column":37},"end":{"line":793,"column":1}},"line":776},"31":{"name":"(anonymous_31)","decl":{"start":{"line":796,"column":22},"end":{"line":796,"column":23}},"loc":{"start":{"line":796,"column":34},"end":{"line":804,"column":1}},"line":796},"32":{"name":"(anonymous_32)","decl":{"start":{"line":798,"column":17},"end":{"line":798,"column":18}},"loc":{"start":{"line":798,"column":23},"end":{"line":803,"column":5}},"line":798}},"branchMap":{"0":{"loc":{"start":{"line":35,"column":10},"end":{"line":35,"column":43}},"type":"binary-expr","locations":[{"start":{"line":35,"column":10},"end":{"line":35,"column":29}},{"start":{"line":35,"column":33},"end":{"line":35,"column":43}}],"line":35},"1":{"loc":{"start":{"line":36,"column":10},"end":{"line":36,"column":44}},"type":"binary-expr","locations":[{"start":{"line":36,"column":10},"end":{"line":36,"column":29}},{"start":{"line":36,"column":33},"end":{"line":36,"column":44}}],"line":36},"2":{"loc":{"start":{"line":37,"column":14},"end":{"line":37,"column":52}},"type":"binary-expr","locations":[{"start":{"line":37,"column":14},"end":{"line":37,"column":33}},{"start":{"line":37,"column":37},"end":{"line":37,"column":52}}],"line":37},"3":{"loc":{"start":{"line":38,"column":10},"end":{"line":38,"column":37}},"type":"binary-expr","locations":[{"start":{"line":38,"column":10},"end":{"line":38,"column":29}},{"start":{"line":38,"column":33},"end":{"line":38,"column":37}}],"line":38},"4":{"loc":{"start":{"line":42,"column":0},"end":{"line":44,"column":1}},"type":"if","locations":[{"start":{"line":42,"column":0},"end":{"line":44,"column":1}},{"start":{},"end":{}}],"line":42},"5":{"loc":{"start":{"line":50,"column":10},"end":{"line":50,"column":47}},"type":"binary-expr","locations":[{"start":{"line":50,"column":10},"end":{"line":50,"column":32}},{"start":{"line":50,"column":36},"end":{"line":50,"column":47}}],"line":50},"6":{"loc":{"start":{"line":51,"column":10},"end":{"line":51,"column":40}},"type":"binary-expr","locations":[{"start":{"line":51,"column":10},"end":{"line":51,"column":32}},{"start":{"line":51,"column":36},"end":{"line":51,"column":40}}],"line":51},"7":{"loc":{"start":{"line":204,"column":4},"end":{"line":206,"column":5}},"type":"if","locations":[{"start":{"line":204,"column":4},"end":{"line":206,"column":5}},{"start":{},"end":{}}],"line":204},"8":{"loc":{"start":{"line":227,"column":4},"end":{"line":229,"column":5}},"type":"if","locations":[{"start":{"line":227,"column":4},"end":{"line":229,"column":5}},{"start":{},"end":{}}],"line":227},"9":{"loc":{"start":{"line":227,"column":8},"end":{"line":227,"column":23}},"type":"binary-expr","locations":[{"start":{"line":227,"column":8},"end":{"line":227,"column":14}},{"start":{"line":227,"column":18},"end":{"line":227,"column":23}}],"line":227},"10":{"loc":{"start":{"line":234,"column":4},"end":{"line":236,"column":5}},"type":"if","locations":[{"start":{"line":234,"column":4},"end":{"line":236,"column":5}},{"start":{},"end":{}}],"line":234},"11":{"loc":{"start":{"line":242,"column":4},"end":{"line":257,"column":5}},"type":"if","locations":[{"start":{"line":242,"column":4},"end":{"line":257,"column":5}},{"start":{"line":255,"column":11},"end":{"line":257,"column":5}}],"line":242},"12":{"loc":{"start":{"line":246,"column":20},"end":{"line":246,"column":34}},"type":"binary-expr","locations":[{"start":{"line":246,"column":20},"end":{"line":246,"column":24}},{"start":{"line":246,"column":28},"end":{"line":246,"column":34}}],"line":246},"13":{"loc":{"start":{"line":290,"column":8},"end":{"line":292,"column":9}},"type":"if","locations":[{"start":{"line":290,"column":8},"end":{"line":292,"column":9}},{"start":{},"end":{}}],"line":290},"14":{"loc":{"start":{"line":308,"column":8},"end":{"line":313,"column":9}},"type":"if","locations":[{"start":{"line":308,"column":8},"end":{"line":313,"column":9}},{"start":{},"end":{}}],"line":308},"15":{"loc":{"start":{"line":308,"column":12},"end":{"line":308,"column":33}},"type":"binary-expr","locations":[{"start":{"line":308,"column":12},"end":{"line":308,"column":16}},{"start":{"line":308,"column":20},"end":{"line":308,"column":33}}],"line":308},"16":{"loc":{"start":{"line":316,"column":8},"end":{"line":321,"column":9}},"type":"if","locations":[{"start":{"line":316,"column":8},"end":{"line":321,"column":9}},{"start":{},"end":{}}],"line":316},"17":{"loc":{"start":{"line":335,"column":8},"end":{"line":337,"column":9}},"type":"if","locations":[{"start":{"line":335,"column":8},"end":{"line":337,"column":9}},{"start":{},"end":{}}],"line":335},"18":{"loc":{"start":{"line":335,"column":12},"end":{"line":335,"column":59}},"type":"binary-expr","locations":[{"start":{"line":335,"column":12},"end":{"line":335,"column":26}},{"start":{"line":335,"column":30},"end":{"line":335,"column":59}}],"line":335},"19":{"loc":{"start":{"line":352,"column":29},"end":{"line":352,"column":85}},"type":"binary-expr","locations":[{"start":{"line":352,"column":29},"end":{"line":352,"column":48}},{"start":{"line":352,"column":52},"end":{"line":352,"column":85}}],"line":352},"20":{"loc":{"start":{"line":429,"column":8},"end":{"line":431,"column":9}},"type":"if","locations":[{"start":{"line":429,"column":8},"end":{"line":431,"column":9}},{"start":{},"end":{}}],"line":429},"21":{"loc":{"start":{"line":508,"column":8},"end":{"line":510,"column":9}},"type":"if","locations":[{"start":{"line":508,"column":8},"end":{"line":510,"column":9}},{"start":{},"end":{}}],"line":508},"22":{"loc":{"start":{"line":508,"column":12},"end":{"line":508,"column":44}},"type":"binary-expr","locations":[{"start":{"line":508,"column":12},"end":{"line":508,"column":18}},{"start":{"line":508,"column":22},"end":{"line":508,"column":29}},{"start":{"line":508,"column":33},"end":{"line":508,"column":44}}],"line":508},"23":{"loc":{"start":{"line":554,"column":8},"end":{"line":556,"column":9}},"type":"if","locations":[{"start":{"line":554,"column":8},"end":{"line":556,"column":9}},{"start":{},"end":{}}],"line":554},"24":{"loc":{"start":{"line":554,"column":12},"end":{"line":554,"column":62}},"type":"binary-expr","locations":[{"start":{"line":554,"column":12},"end":{"line":554,"column":23}},{"start":{"line":554,"column":27},"end":{"line":554,"column":36}},{"start":{"line":554,"column":40},"end":{"line":554,"column":47}},{"start":{"line":554,"column":51},"end":{"line":554,"column":62}}],"line":554},"25":{"loc":{"start":{"line":558,"column":8},"end":{"line":560,"column":9}},"type":"if","locations":[{"start":{"line":558,"column":8},"end":{"line":560,"column":9}},{"start":{},"end":{}}],"line":558},"26":{"loc":{"start":{"line":573,"column":12},"end":{"line":575,"column":13}},"type":"if","locations":[{"start":{"line":573,"column":12},"end":{"line":575,"column":13}},{"start":{},"end":{}}],"line":573},"27":{"loc":{"start":{"line":579,"column":12},"end":{"line":582,"column":13}},"type":"if","locations":[{"start":{"line":579,"column":12},"end":{"line":582,"column":13}},{"start":{},"end":{}}],"line":579},"28":{"loc":{"start":{"line":590,"column":12},"end":{"line":593,"column":13}},"type":"if","locations":[{"start":{"line":590,"column":12},"end":{"line":593,"column":13}},{"start":{},"end":{}}],"line":590},"29":{"loc":{"start":{"line":611,"column":72},"end":{"line":611,"column":106}},"type":"binary-expr","locations":[{"start":{"line":611,"column":72},"end":{"line":611,"column":83}},{"start":{"line":611,"column":87},"end":{"line":611,"column":106}}],"line":611},"30":{"loc":{"start":{"line":628,"column":38},"end":{"line":628,"column":69}},"type":"binary-expr","locations":[{"start":{"line":628,"column":38},"end":{"line":628,"column":51}},{"start":{"line":628,"column":55},"end":{"line":628,"column":69}}],"line":628},"31":{"loc":{"start":{"line":658,"column":8},"end":{"line":666,"column":9}},"type":"if","locations":[{"start":{"line":658,"column":8},"end":{"line":666,"column":9}},{"start":{},"end":{}}],"line":658},"32":{"loc":{"start":{"line":658,"column":12},"end":{"line":658,"column":96}},"type":"binary-expr","locations":[{"start":{"line":658,"column":12},"end":{"line":658,"column":52}},{"start":{"line":658,"column":56},"end":{"line":658,"column":96}}],"line":658},"33":{"loc":{"start":{"line":703,"column":46},"end":{"line":703,"column":68}},"type":"binary-expr","locations":[{"start":{"line":703,"column":46},"end":{"line":703,"column":58}},{"start":{"line":703,"column":62},"end":{"line":703,"column":68}}],"line":703},"34":{"loc":{"start":{"line":710,"column":8},"end":{"line":712,"column":9}},"type":"if","locations":[{"start":{"line":710,"column":8},"end":{"line":712,"column":9}},{"start":{},"end":{}}],"line":710},"35":{"loc":{"start":{"line":727,"column":45},"end":{"line":727,"column":67}},"type":"binary-expr","locations":[{"start":{"line":727,"column":45},"end":{"line":727,"column":57}},{"start":{"line":727,"column":61},"end":{"line":727,"column":67}}],"line":727},"36":{"loc":{"start":{"line":738,"column":8},"end":{"line":741,"column":9}},"type":"if","locations":[{"start":{"line":738,"column":8},"end":{"line":741,"column":9}},{"start":{},"end":{}}],"line":738},"37":{"loc":{"start":{"line":756,"column":8},"end":{"line":758,"column":9}},"type":"if","locations":[{"start":{"line":756,"column":8},"end":{"line":758,"column":9}},{"start":{},"end":{}}],"line":756},"38":{"loc":{"start":{"line":763,"column":8},"end":{"line":768,"column":9}},"type":"if","locations":[{"start":{"line":763,"column":8},"end":{"line":768,"column":9}},{"start":{},"end":{}}],"line":763},"39":{"loc":{"start":{"line":774,"column":13},"end":{"line":774,"column":37}},"type":"binary-expr","locations":[{"start":{"line":774,"column":13},"end":{"line":774,"column":29}},{"start":{"line":774,"column":33},"end":{"line":774,"column":37}}],"line":774}},"s":{"0":0,"1":0,"2":0,"3":0,"4":0,"5":0,"6":0,"7":0,"8":0,"9":0,"10":0,"11":0,"12":0,"13":0,"14":0,"15":0,"16":0,"17":0,"18":0,"19":0,"20":0,"21":0,"22":0,"23":0,"24":0,"25":0,"26":0,"27":0,"28":0,"29":0,"30":0,"31":0,"32":0,"33":0,"34":0,"35":0,"36":0,"37":0,"38":0,"39":0,"40":0,"41":0,"42":0,"43":0,"44":0,"45":0,"46":0,"47":0,"48":0,"49":0,"50":0,"51":0,"52":0,"53":0,"54":0,"55":0,"56":0,"57":0,"58":0,"59":0,"60":0,"61":0,"62":0,"63":0,"64":0,"65":0,"66":0,"67":0,"68":0,"69":0,"70":0,"71":0,"72":0,"73":0,"74":0,"75":0,"76":0,"77":0,"78":0,"79":0,"80":0,"81":0,"82":0,"83":0,"84":0,"85":0,"86":0,"87":0,"88":0,"89":0,"90":0,"91":0,"92":0,"93":0,"94":0,"95":0,"96":0,"97":0,"98":0,"99":0,"100":0,"101":0,"102":0,"103":0,"104":0,"105":0,"106":0,"107":0,"108":0,"109":0,"110":0,"111":0,"112":0,"113":0,"114":0,"115":0,"116":0,"117":0,"118":0,"119":0,"120":0,"121":0,"122":0,"123":0,"124":0,"125":0,"126":0,"127":0,"128":0,"129":0,"130":0,"131":0,"132":0,"133":0,"134":0,"135":0,"136":0,"137":0,"138":0,"139":0,"140":0,"141":0,"142":0,"143":0,"144":0,"145":0,"146":0,"147":0,"148":0,"149":0,"150":0,"151":0,"152":0,"153":0,"154":0,"155":0,"156":0,"157":0,"158":0,"159":0,"160":0,"161":0,"162":0,"163":0,"164":0,"165":0,"166":0,"167":0,"168":0,"169":0,"170":0,"171":0,"172":0,"173":0,"174":0,"175":0,"176":0,"177":0,"178":0,"179":0,"180":0,"181":0,"182":0,"183":0,"184":0,"185":0,"186":0,"187":0,"188":0,"189":0,"190":0,"191":0,"192":0,"193":0,"194":0,"195":0,"196":0,"197":0,"198":0,"199":0,"200":0,"201":0,"202":0,"203":0,"204":0,"205":0,"206":0,"207":0,"208":0,"209":0,"210":0,"211":0,"212":0,"213":0,"214":0,"215":0,"216":0,"217":0,"218":0,"219":0,"220":0,"221":0,"222":0,"223":0,"224":0,"225":0,"226":0,"227":0,"228":0,"229":0,"230":0,"231":0,"232":0,"233":0,"234":0,"235":0,"236":0,"237":0,"238":0,"239":0,"240":0,"241":0,"242":0,"243":0,"244":0,"245":0,"246":0,"247":0,"248":0,"249":0,"250":0,"251":0,"252":0,"253":0,"254":0},"f":{"0":0,"1":0,"2":0,"3":0,"4":0,"5":0,"6":0,"7":0,"8":0,"9":0,"10":0,"11":0,"12":0,"13":0,"14":0,"15":0,"16":0,"17":0,"18":0,"19":0,"20":0,"21":0,"22":0,"23":0,"24":0,"25":0,"26":0,"27":0,"28":0,"29":0,"30":0,"31":0,"32":0},"b":{"0":[0,0],"1":[0,0],"2":[0,0],"3":[0,0],"4":[0,0],"5":[0,0],"6":[0,0],"7":[0,0],"8":[0,0],"9":[0,0],"10":[0,0],"11":[0,0],"12":[0,0],"13":[0,0],"14":[0,0],"15":[0,0],"16":[0,0],"17":[0,0],"18":[0,0],"19":[0,0],"20":[0,0],"21":[0,0],"22":[0,0,0],"23":[0,0],"24":[0,0,0,0],"25":[0,0],"26":[0,0],"27":[0,0],"28":[0,0],"29":[0,0],"30":[0,0],"31":[0,0],"32":[0,0],"33":[0,0],"34":[0,0],"35":[0,0],"36":[0,0],"37":[0,0],"38":[0,0],"39":[0,0]}}
,"C:\\xampp\\htdocs\\testapp\\revolutionary-hotel-platform-github\\social_routes.js": {"path":"C:\\xampp\\htdocs\\testapp\\revolutionary-hotel-platform-github\\social_routes.js","statementMap":{"0":{"start":{"line":5,"column":0},"end":{"line":44,"column":3}},"1":{"start":{"line":6,"column":4},"end":{"line":43,"column":5}},"2":{"start":{"line":7,"column":26},"end":{"line":7,"column":74}},"3":{"start":{"line":8,"column":22},"end":{"line":8,"column":53}},"4":{"start":{"line":10,"column":23},"end":{"line":24,"column":30}},"5":{"start":{"line":27,"column":26},"end":{"line":37,"column":11}},"6":{"start":{"line":27,"column":51},"end":{"line":37,"column":9}},"7":{"start":{"line":39,"column":8},"end":{"line":39,"column":28}},"8":{"start":{"line":41,"column":8},"end":{"line":41,"column":54}},"9":{"start":{"line":42,"column":8},"end":{"line":42,"column":65}},"10":{"start":{"line":47,"column":0},"end":{"line":108,"column":3}},"11":{"start":{"line":48,"column":4},"end":{"line":107,"column":5}},"12":{"start":{"line":49,"column":26},"end":{"line":49,"column":73}},"13":{"start":{"line":50,"column":47},"end":{"line":50,"column":55}},"14":{"start":{"line":52,"column":8},"end":{"line":54,"column":9}},"15":{"start":{"line":53,"column":12},"end":{"line":53,"column":72}},"16":{"start":{"line":56,"column":8},"end":{"line":58,"column":9}},"17":{"start":{"line":57,"column":12},"end":{"line":57,"column":73}},"18":{"start":{"line":60,"column":8},"end":{"line":62,"column":9}},"19":{"start":{"line":61,"column":12},"end":{"line":61,"column":79}},"20":{"start":{"line":65,"column":8},"end":{"line":70,"column":66}},"21":{"start":{"line":72,"column":25},"end":{"line":72,"column":56}},"22":{"start":{"line":75,"column":8},"end":{"line":101,"column":9}},"23":{"start":{"line":76,"column":31},"end":{"line":79,"column":38}},"24":{"start":{"line":81,"column":12},"end":{"line":100,"column":13}},"25":{"start":{"line":83,"column":16},"end":{"line":90,"column":19}},"26":{"start":{"line":93,"column":16},"end":{"line":97,"column":43}},"27":{"start":{"line":99,"column":16},"end":{"line":99,"column":38}},"28":{"start":{"line":103,"column":8},"end":{"line":103,"column":27}},"29":{"start":{"line":105,"column":8},"end":{"line":105,"column":55}},"30":{"start":{"line":106,"column":8},"end":{"line":106,"column":66}},"31":{"start":{"line":111,"column":0},"end":{"line":153,"column":3}},"32":{"start":{"line":112,"column":4},"end":{"line":152,"column":5}},"33":{"start":{"line":113,"column":26},"end":{"line":113,"column":73}},"34":{"start":{"line":114,"column":41},"end":{"line":114,"column":49}},"35":{"start":{"line":116,"column":8},"end":{"line":118,"column":9}},"36":{"start":{"line":117,"column":12},"end":{"line":117,"column":72}},"37":{"start":{"line":120,"column":8},"end":{"line":122,"column":9}},"38":{"start":{"line":121,"column":12},"end":{"line":121,"column":78}},"39":{"start":{"line":125,"column":25},"end":{"line":129,"column":36}},"40":{"start":{"line":131,"column":8},"end":{"line":140,"column":9}},"41":{"start":{"line":132,"column":27},"end":{"line":132,"column":50}},"42":{"start":{"line":133,"column":12},"end":{"line":135,"column":13}},"43":{"start":{"line":134,"column":16},"end":{"line":134,"column":78}},"44":{"start":{"line":136,"column":12},"end":{"line":138,"column":13}},"45":{"start":{"line":137,"column":16},"end":{"line":137,"column":74}},"46":{"start":{"line":139,"column":12},"end":{"line":139,"column":78}},"47":{"start":{"line":143,"column":8},"end":{"line":146,"column":52}},"48":{"start":{"line":148,"column":8},"end":{"line":148,"column":55}},"49":{"start":{"line":150,"column":8},"end":{"line":150,"column":62}},"50":{"start":{"line":151,"column":8},"end":{"line":151,"column":73}},"51":{"start":{"line":156,"column":0},"end":{"line":180,"column":3}},"52":{"start":{"line":157,"column":4},"end":{"line":179,"column":5}},"53":{"start":{"line":158,"column":26},"end":{"line":158,"column":74}},"54":{"start":{"line":160,"column":8},"end":{"line":162,"column":9}},"55":{"start":{"line":161,"column":12},"end":{"line":161,"column":72}},"56":{"start":{"line":164,"column":23},"end":{"line":173,"column":23}},"57":{"start":{"line":175,"column":8},"end":{"line":175,"column":30}},"58":{"start":{"line":177,"column":8},"end":{"line":177,"column":56}},"59":{"start":{"line":178,"column":8},"end":{"line":178,"column":67}}},"fnMap":{"0":{"name":"(anonymous_0)","decl":{"start":{"line":5,"column":29},"end":{"line":5,"column":30}},"loc":{"start":{"line":5,"column":49},"end":{"line":44,"column":1}},"line":5},"1":{"name":"(anonymous_1)","decl":{"start":{"line":27,"column":42},"end":{"line":27,"column":43}},"loc":{"start":{"line":27,"column":51},"end":{"line":37,"column":9}},"line":27},"2":{"name":"(anonymous_2)","decl":{"start":{"line":47,"column":30},"end":{"line":47,"column":31}},"loc":{"start":{"line":47,"column":50},"end":{"line":108,"column":1}},"line":47},"3":{"name":"(anonymous_3)","decl":{"start":{"line":111,"column":39},"end":{"line":111,"column":40}},"loc":{"start":{"line":111,"column":59},"end":{"line":153,"column":1}},"line":111},"4":{"name":"(anonymous_4)","decl":{"start":{"line":156,"column":31},"end":{"line":156,"column":32}},"loc":{"start":{"line":156,"column":51},"end":{"line":180,"column":1}},"line":156}},"branchMap":{"0":{"loc":{"start":{"line":7,"column":26},"end":{"line":7,"column":74}},"type":"binary-expr","locations":[{"start":{"line":7,"column":26},"end":{"line":7,"column":46}},{"start":{"line":7,"column":50},"end":{"line":7,"column":74}}],"line":7},"1":{"loc":{"start":{"line":8,"column":22},"end":{"line":8,"column":53}},"type":"binary-expr","locations":[{"start":{"line":8,"column":22},"end":{"line":8,"column":47}},{"start":{"line":8,"column":51},"end":{"line":8,"column":53}}],"line":8},"2":{"loc":{"start":{"line":29,"column":24},"end":{"line":29,"column":60}},"type":"binary-expr","locations":[{"start":{"line":29,"column":24},"end":{"line":29,"column":47}},{"start":{"line":29,"column":51},"end":{"line":29,"column":60}}],"line":29},"3":{"loc":{"start":{"line":30,"column":23},"end":{"line":30,"column":68}},"type":"binary-expr","locations":[{"start":{"line":30,"column":23},"end":{"line":30,"column":62}},{"start":{"line":30,"column":66},"end":{"line":30,"column":68}}],"line":30},"4":{"loc":{"start":{"line":31,"column":17},"end":{"line":31,"column":59}},"type":"binary-expr","locations":[{"start":{"line":31,"column":17},"end":{"line":31,"column":25}},{"start":{"line":31,"column":29},"end":{"line":31,"column":59}}],"line":31},"5":{"loc":{"start":{"line":32,"column":27},"end":{"line":32,"column":117}},"type":"binary-expr","locations":[{"start":{"line":32,"column":27},"end":{"line":32,"column":45}},{"start":{"line":32,"column":49},"end":{"line":32,"column":117}}],"line":32},"6":{"loc":{"start":{"line":36,"column":19},"end":{"line":36,"column":34}},"type":"binary-expr","locations":[{"start":{"line":36,"column":19},"end":{"line":36,"column":29}},{"start":{"line":36,"column":33},"end":{"line":36,"column":34}}],"line":36},"7":{"loc":{"start":{"line":49,"column":26},"end":{"line":49,"column":73}},"type":"binary-expr","locations":[{"start":{"line":49,"column":26},"end":{"line":49,"column":45}},{"start":{"line":49,"column":49},"end":{"line":49,"column":73}}],"line":49},"8":{"loc":{"start":{"line":52,"column":8},"end":{"line":54,"column":9}},"type":"if","locations":[{"start":{"line":52,"column":8},"end":{"line":54,"column":9}},{"start":{},"end":{}}],"line":52},"9":{"loc":{"start":{"line":56,"column":8},"end":{"line":58,"column":9}},"type":"if","locations":[{"start":{"line":56,"column":8},"end":{"line":58,"column":9}},{"start":{},"end":{}}],"line":56},"10":{"loc":{"start":{"line":56,"column":12},"end":{"line":56,"column":64}},"type":"binary-expr","locations":[{"start":{"line":56,"column":12},"end":{"line":56,"column":22}},{"start":{"line":56,"column":26},"end":{"line":56,"column":64}}],"line":56},"11":{"loc":{"start":{"line":60,"column":8},"end":{"line":62,"column":9}},"type":"if","locations":[{"start":{"line":60,"column":8},"end":{"line":62,"column":9}},{"start":{},"end":{}}],"line":60},"12":{"loc":{"start":{"line":70,"column":34},"end":{"line":70,"column":52}},"type":"binary-expr","locations":[{"start":{"line":70,"column":34},"end":{"line":70,"column":38}},{"start":{"line":70,"column":42},"end":{"line":70,"column":52}}],"line":70},"13":{"loc":{"start":{"line":75,"column":8},"end":{"line":101,"column":9}},"type":"if","locations":[{"start":{"line":75,"column":8},"end":{"line":101,"column":9}},{"start":{},"end":{}}],"line":75},"14":{"loc":{"start":{"line":81,"column":12},"end":{"line":100,"column":13}},"type":"if","locations":[{"start":{"line":81,"column":12},"end":{"line":100,"column":13}},{"start":{},"end":{}}],"line":81},"15":{"loc":{"start":{"line":88,"column":20},"end":{"line":88,"column":65}},"type":"cond-expr","locations":[{"start":{"line":88,"column":44},"end":{"line":88,"column":53}},{"start":{"line":88,"column":56},"end":{"line":88,"column":65}}],"line":88},"16":{"loc":{"start":{"line":89,"column":20},"end":{"line":89,"column":65}},"type":"cond-expr","locations":[{"start":{"line":89,"column":44},"end":{"line":89,"column":53}},{"start":{"line":89,"column":56},"end":{"line":89,"column":65}}],"line":89},"17":{"loc":{"start":{"line":113,"column":26},"end":{"line":113,"column":73}},"type":"binary-expr","locations":[{"start":{"line":113,"column":26},"end":{"line":113,"column":45}},{"start":{"line":113,"column":49},"end":{"line":113,"column":73}}],"line":113},"18":{"loc":{"start":{"line":116,"column":8},"end":{"line":118,"column":9}},"type":"if","locations":[{"start":{"line":116,"column":8},"end":{"line":118,"column":9}},{"start":{},"end":{}}],"line":116},"19":{"loc":{"start":{"line":120,"column":8},"end":{"line":122,"column":9}},"type":"if","locations":[{"start":{"line":120,"column":8},"end":{"line":122,"column":9}},{"start":{},"end":{}}],"line":120},"20":{"loc":{"start":{"line":131,"column":8},"end":{"line":140,"column":9}},"type":"if","locations":[{"start":{"line":131,"column":8},"end":{"line":140,"column":9}},{"start":{},"end":{}}],"line":131},"21":{"loc":{"start":{"line":133,"column":12},"end":{"line":135,"column":13}},"type":"if","locations":[{"start":{"line":133,"column":12},"end":{"line":135,"column":13}},{"start":{},"end":{}}],"line":133},"22":{"loc":{"start":{"line":136,"column":12},"end":{"line":138,"column":13}},"type":"if","locations":[{"start":{"line":136,"column":12},"end":{"line":138,"column":13}},{"start":{},"end":{}}],"line":136},"23":{"loc":{"start":{"line":146,"column":36},"end":{"line":146,"column":49}},"type":"binary-expr","locations":[{"start":{"line":146,"column":36},"end":{"line":146,"column":43}},{"start":{"line":146,"column":47},"end":{"line":146,"column":49}}],"line":146},"24":{"loc":{"start":{"line":158,"column":26},"end":{"line":158,"column":74}},"type":"binary-expr","locations":[{"start":{"line":158,"column":26},"end":{"line":158,"column":46}},{"start":{"line":158,"column":50},"end":{"line":158,"column":74}}],"line":158},"25":{"loc":{"start":{"line":160,"column":8},"end":{"line":162,"column":9}},"type":"if","locations":[{"start":{"line":160,"column":8},"end":{"line":162,"column":9}},{"start":{},"end":{}}],"line":160}},"s":{"0":0,"1":0,"2":0,"3":0,"4":0,"5":0,"6":0,"7":0,"8":0,"9":0,"10":0,"11":0,"12":0,"13":0,"14":0,"15":0,"16":0,"17":0,"18":0,"19":0,"20":0,"21":0,"22":0,"23":0,"24":0,"25":0,"26":0,"27":0,"28":0,"29":0,"30":0,"31":0,"32":0,"33":0,"34":0,"35":0,"36":0,"37":0,"38":0,"39":0,"40":0,"41":0,"42":0,"43":0,"44":0,"45":0,"46":0,"47":0,"48":0,"49":0,"50":0,"51":0,"52":0,"53":0,"54":0,"55":0,"56":0,"57":0,"58":0,"59":0},"f":{"0":0,"1":0,"2":0,"3":0,"4":0},"b":{"0":[0,0],"1":[0,0],"2":[0,0],"3":[0,0],"4":[0,0],"5":[0,0],"6":[0,0],"7":[0,0],"8":[0,0],"9":[0,0],"10":[0,0],"11":[0,0],"12":[0,0],"13":[0,0],"14":[0,0],"15":[0,0],"16":[0,0],"17":[0,0],"18":[0,0],"19":[0,0],"20":[0,0],"21":[0,0],"22":[0,0],"23":[0,0],"24":[0,0],"25":[0,0]}}
,"C:\\xampp\\htdocs\\testapp\\revolutionary-hotel-platform-github\\sw.js": {"path":"C:\\xampp\\htdocs\\testapp\\revolutionary-hotel-platform-github\\sw.js","statementMap":{},"fnMap":{},"branchMap":{},"s":{},"f":{},"b":{}}
,"C:\\xampp\\htdocs\\testapp\\revolutionary-hotel-platform-github\\toggle_patch.js": {"path":"C:\\xampp\\htdocs\\testapp\\revolutionary-hotel-platform-github\\toggle_patch.js","statementMap":{"0":{"start":{"line":2,"column":19},"end":{"line":2,"column":56}},"1":{"start":{"line":6,"column":0},"end":{"line":6,"column":34}},"2":{"start":{"line":7,"column":0},"end":{"line":7,"column":79}},"3":{"start":{"line":8,"column":0},"end":{"line":8,"column":32}},"4":{"start":{"line":12,"column":0},"end":{"line":12,"column":35}},"5":{"start":{"line":13,"column":0},"end":{"line":13,"column":46}}},"fnMap":{},"branchMap":{},"s":{"0":0,"1":0,"2":0,"3":0,"4":0,"5":0},"f":{},"b":{}}
,"C:\\xampp\\htdocs\\testapp\\revolutionary-hotel-platform-github\\memory-bank\\patterns\\api_endpoint_template.js": {"path":"C:\\xampp\\htdocs\\testapp\\revolutionary-hotel-platform-github\\memory-bank\\patterns\\api_endpoint_template.js","statementMap":{"0":{"start":{"line":5,"column":0},"end":{"line":46,"column":3}},"1":{"start":{"line":6,"column":4},"end":{"line":45,"column":5}},"2":{"start":{"line":8,"column":26},"end":{"line":8,"column":74}},"3":{"start":{"line":11,"column":8},"end":{"line":13,"column":9}},"4":{"start":{"line":12,"column":12},"end":{"line":12,"column":72}},"5":{"start":{"line":16,"column":22},"end":{"line":16,"column":53}},"6":{"start":{"line":17,"column":23},"end":{"line":17,"column":54}},"7":{"start":{"line":20,"column":23},"end":{"line":26,"column":38}},"8":{"start":{"line":29,"column":26},"end":{"line":33,"column":11}},"9":{"start":{"line":29,"column":50},"end":{"line":33,"column":9}},"10":{"start":{"line":36,"column":8},"end":{"line":36,"column":28}},"11":{"start":{"line":40,"column":8},"end":{"line":40,"column":62}},"12":{"start":{"line":41,"column":8},"end":{"line":44,"column":11}},"13":{"start":{"line":49,"column":0},"end":{"line":94,"column":3}},"14":{"start":{"line":50,"column":4},"end":{"line":93,"column":5}},"15":{"start":{"line":52,"column":26},"end":{"line":52,"column":73}},"16":{"start":{"line":54,"column":8},"end":{"line":56,"column":9}},"17":{"start":{"line":55,"column":12},"end":{"line":55,"column":72}},"18":{"start":{"line":59,"column":35},"end":{"line":59,"column":43}},"19":{"start":{"line":61,"column":8},"end":{"line":63,"column":9}},"20":{"start":{"line":62,"column":12},"end":{"line":62,"column":78}},"21":{"start":{"line":66,"column":8},"end":{"line":68,"column":9}},"22":{"start":{"line":67,"column":12},"end":{"line":67,"column":88}},"23":{"start":{"line":71,"column":23},"end":{"line":77,"column":39}},"24":{"start":{"line":80,"column":8},"end":{"line":82,"column":9}},"25":{"start":{"line":81,"column":12},"end":{"line":81,"column":50}},"26":{"start":{"line":85,"column":8},"end":{"line":88,"column":11}},"27":{"start":{"line":91,"column":8},"end":{"line":91,"column":67}},"28":{"start":{"line":92,"column":8},"end":{"line":92,"column":69}},"29":{"start":{"line":98,"column":19},"end":{"line":102,"column":24}},"30":{"start":{"line":104,"column":4},"end":{"line":104,"column":23}}},"fnMap":{"0":{"name":"(anonymous_0)","decl":{"start":{"line":5,"column":31},"end":{"line":5,"column":32}},"loc":{"start":{"line":5,"column":51},"end":{"line":46,"column":1}},"line":5},"1":{"name":"(anonymous_1)","decl":{"start":{"line":29,"column":42},"end":{"line":29,"column":43}},"loc":{"start":{"line":29,"column":50},"end":{"line":33,"column":9}},"line":29},"2":{"name":"(anonymous_2)","decl":{"start":{"line":49,"column":32},"end":{"line":49,"column":33}},"loc":{"start":{"line":49,"column":52},"end":{"line":94,"column":1}},"line":49},"3":{"name":"helperFunction","decl":{"start":{"line":97,"column":15},"end":{"line":97,"column":29}},"loc":{"start":{"line":97,"column":52},"end":{"line":105,"column":1}},"line":97}},"branchMap":{"0":{"loc":{"start":{"line":8,"column":26},"end":{"line":8,"column":74}},"type":"binary-expr","locations":[{"start":{"line":8,"column":26},"end":{"line":8,"column":46}},{"start":{"line":8,"column":50},"end":{"line":8,"column":74}}],"line":8},"1":{"loc":{"start":{"line":11,"column":8},"end":{"line":13,"column":9}},"type":"if","locations":[{"start":{"line":11,"column":8},"end":{"line":13,"column":9}},{"start":{},"end":{}}],"line":11},"2":{"loc":{"start":{"line":16,"column":22},"end":{"line":16,"column":53}},"type":"binary-expr","locations":[{"start":{"line":16,"column":22},"end":{"line":16,"column":47}},{"start":{"line":16,"column":51},"end":{"line":16,"column":53}}],"line":16},"3":{"loc":{"start":{"line":17,"column":23},"end":{"line":17,"column":54}},"type":"binary-expr","locations":[{"start":{"line":17,"column":23},"end":{"line":17,"column":49}},{"start":{"line":17,"column":53},"end":{"line":17,"column":54}}],"line":17},"4":{"loc":{"start":{"line":52,"column":26},"end":{"line":52,"column":73}},"type":"binary-expr","locations":[{"start":{"line":52,"column":26},"end":{"line":52,"column":45}},{"start":{"line":52,"column":49},"end":{"line":52,"column":73}}],"line":52},"5":{"loc":{"start":{"line":54,"column":8},"end":{"line":56,"column":9}},"type":"if","locations":[{"start":{"line":54,"column":8},"end":{"line":56,"column":9}},{"start":{},"end":{}}],"line":54},"6":{"loc":{"start":{"line":61,"column":8},"end":{"line":63,"column":9}},"type":"if","locations":[{"start":{"line":61,"column":8},"end":{"line":63,"column":9}},{"start":{},"end":{}}],"line":61},"7":{"loc":{"start":{"line":61,"column":12},"end":{"line":61,"column":30}},"type":"binary-expr","locations":[{"start":{"line":61,"column":12},"end":{"line":61,"column":19}},{"start":{"line":61,"column":23},"end":{"line":61,"column":30}}],"line":61},"8":{"loc":{"start":{"line":66,"column":8},"end":{"line":68,"column":9}},"type":"if","locations":[{"start":{"line":66,"column":8},"end":{"line":68,"column":9}},{"start":{},"end":{}}],"line":66},"9":{"loc":{"start":{"line":80,"column":8},"end":{"line":82,"column":9}},"type":"if","locations":[{"start":{"line":80,"column":8},"end":{"line":82,"column":9}},{"start":{},"end":{}}],"line":80}},"s":{"0":0,"1":0,"2":0,"3":0,"4":0,"5":0,"6":0,"7":0,"8":0,"9":0,"10":0,"11":0,"12":0,"13":0,"14":0,"15":0,"16":0,"17":0,"18":0,"19":0,"20":0,"21":0,"22":0,"23":0,"24":0,"25":0,"26":0,"27":0,"28":0,"29":0,"30":0},"f":{"0":0,"1":0,"2":0,"3":0},"b":{"0":[0,0],"1":[0,0],"2":[0,0],"3":[0,0],"4":[0,0],"5":[0,0],"6":[0,0],"7":[0,0],"8":[0,0],"9":[0,0]}}
,"C:\\xampp\\htdocs\\testapp\\revolutionary-hotel-platform-github\\samaywasipisac_backup\\static\\js\\analitics.js": {"path":"C:\\xampp\\htdocs\\testapp\\revolutionary-hotel-platform-github\\samaywasipisac_backup\\static\\js\\analitics.js","statementMap":{"0":{"start":{"line":1,"column":0},"end":{"line":11,"column":5}},"1":{"start":{"line":2,"column":19},"end":{"line":2,"column":51}},"2":{"start":{"line":3,"column":4},"end":{"line":3,"column":26}},"3":{"start":{"line":4,"column":4},"end":{"line":4,"column":78}},"4":{"start":{"line":5,"column":4},"end":{"line":5,"column":40}},"5":{"start":{"line":7,"column":4},"end":{"line":7,"column":46}},"6":{"start":{"line":8,"column":20},"end":{"line":8,"column":46}},"7":{"start":{"line":9,"column":4},"end":{"line":9,"column":27}},"8":{"start":{"line":10,"column":4},"end":{"line":10,"column":35}}},"fnMap":{"0":{"name":"(anonymous_0)","decl":{"start":{"line":1,"column":1},"end":{"line":1,"column":2}},"loc":{"start":{"line":1,"column":12},"end":{"line":11,"column":1}},"line":1},"1":{"name":"gtag","decl":{"start":{"line":8,"column":13},"end":{"line":8,"column":17}},"loc":{"start":{"line":8,"column":19},"end":{"line":8,"column":47}},"line":8}},"branchMap":{"0":{"loc":{"start":{"line":7,"column":23},"end":{"line":7,"column":45}},"type":"binary-expr","locations":[{"start":{"line":7,"column":23},"end":{"line":7,"column":39}},{"start":{"line":7,"column":43},"end":{"line":7,"column":45}}],"line":7}},"s":{"0":0,"1":0,"2":0,"3":0,"4":0,"5":0,"6":0,"7":0,"8":0},"f":{"0":0,"1":0},"b":{"0":[0,0]}}
,"C:\\xampp\\htdocs\\testapp\\revolutionary-hotel-platform-github\\samaywasipisac_backup\\static\\js\\main.js": {"path":"C:\\xampp\\htdocs\\testapp\\revolutionary-hotel-platform-github\\samaywasipisac_backup\\static\\js\\main.js","statementMap":{"0":{"start":{"line":3,"column":0},"end":{"line":57,"column":2}},"1":{"start":{"line":6,"column":23},"end":{"line":6,"column":61}},"2":{"start":{"line":7,"column":2},"end":{"line":23,"column":4}},"3":{"start":{"line":8,"column":4},"end":{"line":22,"column":6}},"4":{"start":{"line":9,"column":17},"end":{"line":9,"column":55}},"5":{"start":{"line":10,"column":6},"end":{"line":10,"column":23}},"6":{"start":{"line":29,"column":18},"end":{"line":29,"column":53}},"7":{"start":{"line":30,"column":2},"end":{"line":34,"column":4}},"8":{"start":{"line":31,"column":21},"end":{"line":31,"column":57}},"9":{"start":{"line":32,"column":24},"end":{"line":32,"column":41}},"10":{"start":{"line":33,"column":4},"end":{"line":33,"column":37}},"11":{"start":{"line":37,"column":20},"end":{"line":37,"column":57}},"12":{"start":{"line":38,"column":2},"end":{"line":44,"column":4}},"13":{"start":{"line":39,"column":4},"end":{"line":39,"column":38}},"14":{"start":{"line":40,"column":23},"end":{"line":40,"column":61}},"15":{"start":{"line":41,"column":20},"end":{"line":41,"column":37}},"16":{"start":{"line":42,"column":4},"end":{"line":42,"column":35}},"17":{"start":{"line":47,"column":22},"end":{"line":47,"column":64}},"18":{"start":{"line":48,"column":2},"end":{"line":54,"column":4}},"19":{"start":{"line":49,"column":4},"end":{"line":53,"column":6}},"20":{"start":{"line":50,"column":6},"end":{"line":50,"column":55}},"21":{"start":{"line":51,"column":6},"end":{"line":51,"column":60}},"22":{"start":{"line":52,"column":6},"end":{"line":52,"column":62}},"23":{"start":{"line":61,"column":20},"end":{"line":63,"column":1}},"24":{"start":{"line":62,"column":2},"end":{"line":62,"column":48}},"25":{"start":{"line":62,"column":22},"end":{"line":62,"column":47}}},"fnMap":{"0":{"name":"(anonymous_0)","decl":{"start":{"line":3,"column":44},"end":{"line":3,"column":45}},"loc":{"start":{"line":3,"column":50},"end":{"line":57,"column":1}},"line":3},"1":{"name":"(anonymous_1)","decl":{"start":{"line":7,"column":25},"end":{"line":7,"column":26}},"loc":{"start":{"line":7,"column":32},"end":{"line":23,"column":3}},"line":7},"2":{"name":"(anonymous_2)","decl":{"start":{"line":8,"column":34},"end":{"line":8,"column":35}},"loc":{"start":{"line":8,"column":41},"end":{"line":22,"column":5}},"line":8},"3":{"name":"(anonymous_3)","decl":{"start":{"line":30,"column":37},"end":{"line":30,"column":38}},"loc":{"start":{"line":30,"column":43},"end":{"line":34,"column":3}},"line":30},"4":{"name":"(anonymous_4)","decl":{"start":{"line":38,"column":39},"end":{"line":38,"column":40}},"loc":{"start":{"line":38,"column":45},"end":{"line":44,"column":3}},"line":38},"5":{"name":"(anonymous_5)","decl":{"start":{"line":48,"column":23},"end":{"line":48,"column":24}},"loc":{"start":{"line":48,"column":32},"end":{"line":54,"column":3}},"line":48},"6":{"name":"(anonymous_6)","decl":{"start":{"line":49,"column":34},"end":{"line":49,"column":35}},"loc":{"start":{"line":49,"column":40},"end":{"line":53,"column":5}},"line":49},"7":{"name":"(anonymous_7)","decl":{"start":{"line":61,"column":20},"end":{"line":61,"column":21}},"loc":{"start":{"line":61,"column":36},"end":{"line":63,"column":1}},"line":61},"8":{"name":"(anonymous_8)","decl":{"start":{"line":62,"column":14},"end":{"line":62,"column":15}},"loc":{"start":{"line":62,"column":22},"end":{"line":62,"column":47}},"line":62}},"branchMap":{},"s":{"0":0,"1":0,"2":0,"3":0,"4":0,"5":0,"6":0,"7":0,"8":0,"9":0,"10":0,"11":0,"12":0,"13":0,"14":0,"15":0,"16":0,"17":0,"18":0,"19":0,"20":0,"21":0,"22":0,"23":0,"24":0,"25":0},"f":{"0":0,"1":0,"2":0,"3":0,"4":0,"5":0,"6":0,"7":0,"8":0},"b":{}}
}
