TN:
SF:jest.config.js
FNF:0
FNH:0
DA:1,0
LF:1
LH:0
BRF:0
BRH:0
end_of_record
TN:
SF:payment_modal_functions.js
FN:3,openPaymentModal
FN:27,closePaymentModal
FN:31,processPaymentStatus
FNF:3
FNH:0
FNDA:0,openPaymentModal
FNDA:0,closePaymentModal
FNDA:0,processPaymentStatus
DA:4,0
DA:5,0
DA:6,0
DA:10,0
DA:11,0
DA:14,0
DA:15,0
DA:21,0
DA:24,0
DA:28,0
DA:32,0
DA:33,0
DA:34,0
DA:37,0
DA:44,0
DA:46,0
DA:48,0
DA:49,0
DA:50,0
DA:56,0
DA:57,0
LF:21
LH:0
BRDA:4,0,0,0
BRDA:4,0,1,0
BRDA:21,1,0,0
BRDA:21,1,1,0
BRDA:32,2,0,0
BRDA:32,2,1,0
BRDA:46,3,0,0
BRDA:46,3,1,0
BRDA:54,4,0,0
BRDA:54,4,1,0
BRF:10
BRH:0
end_of_record
TN:
SF:playwright.config.js
FNF:0
FNH:0
DA:1,0
DA:3,0
LF:2
LH:0
BRDA:8,0,0,0
BRDA:8,0,1,0
BRDA:9,1,0,0
BRDA:9,1,1,0
BRF:4
BRH:0
end_of_record
TN:
SF:server4_app.js
FN:54,(anonymous_0)
FN:55,(anonymous_1)
FN:58,(anonymous_2)
FN:65,(anonymous_3)
FN:171,(anonymous_4)
FN:181,(anonymous_5)
FN:201,(anonymous_6)
FN:224,(anonymous_7)
FN:278,(anonymous_8)
FN:302,(anonymous_9)
FN:331,(anonymous_10)
FN:348,(anonymous_11)
FN:352,(anonymous_12)
FN:353,(anonymous_13)
FN:371,(anonymous_14)
FN:397,(anonymous_15)
FN:417,(anonymous_16)
FN:441,(anonymous_17)
FN:461,(anonymous_18)
FN:484,(anonymous_19)
FN:504,(anonymous_20)
FN:550,(anonymous_21)
FN:638,(anonymous_22)
FN:681,(anonymous_23)
FN:685,(anonymous_24)
FN:697,(anonymous_25)
FN:719,(anonymous_26)
FN:748,(anonymous_27)
FN:754,(anonymous_28)
FN:762,(anonymous_29)
FN:776,(anonymous_30)
FN:796,(anonymous_31)
FN:798,(anonymous_32)
FNF:33
FNH:0
FNDA:0,(anonymous_0)
FNDA:0,(anonymous_1)
FNDA:0,(anonymous_2)
FNDA:0,(anonymous_3)
FNDA:0,(anonymous_4)
FNDA:0,(anonymous_5)
FNDA:0,(anonymous_6)
FNDA:0,(anonymous_7)
FNDA:0,(anonymous_8)
FNDA:0,(anonymous_9)
FNDA:0,(anonymous_10)
FNDA:0,(anonymous_11)
FNDA:0,(anonymous_12)
FNDA:0,(anonymous_13)
FNDA:0,(anonymous_14)
FNDA:0,(anonymous_15)
FNDA:0,(anonymous_16)
FNDA:0,(anonymous_17)
FNDA:0,(anonymous_18)
FNDA:0,(anonymous_19)
FNDA:0,(anonymous_20)
FNDA:0,(anonymous_21)
FNDA:0,(anonymous_22)
FNDA:0,(anonymous_23)
FNDA:0,(anonymous_24)
FNDA:0,(anonymous_25)
FNDA:0,(anonymous_26)
FNDA:0,(anonymous_27)
FNDA:0,(anonymous_28)
FNDA:0,(anonymous_29)
FNDA:0,(anonymous_30)
FNDA:0,(anonymous_31)
FNDA:0,(anonymous_32)
DA:7,0
DA:8,0
DA:9,0
DA:10,0
DA:11,0
DA:12,0
DA:13,0
DA:16,0
DA:17,0
DA:18,0
DA:26,0
DA:27,0
DA:28,0
DA:31,0
DA:34,0
DA:42,0
DA:43,0
DA:46,0
DA:49,0
DA:54,0
DA:55,0
DA:58,0
DA:59,0
DA:65,0
DA:66,0
DA:171,0
DA:172,0
DA:181,0
DA:182,0
DA:198,0
DA:201,0
DA:202,0
DA:204,0
DA:205,0
DA:210,0
DA:211,0
DA:213,0
DA:215,0
DA:224,0
DA:225,0
DA:227,0
DA:228,0
DA:232,0
DA:234,0
DA:235,0
DA:239,0
DA:242,0
DA:244,0
DA:248,0
DA:251,0
DA:256,0
DA:260,0
DA:263,0
DA:265,0
DA:272,0
DA:275,0
DA:278,0
DA:279,0
DA:280,0
DA:281,0
DA:290,0
DA:291,0
DA:294,0
DA:296,0
DA:297,0
DA:302,0
DA:303,0
DA:304,0
DA:305,0
DA:308,0
DA:309,0
DA:316,0
DA:317,0
DA:323,0
DA:325,0
DA:326,0
DA:331,0
DA:332,0
DA:333,0
DA:335,0
DA:336,0
DA:340,0
DA:347,0
DA:348,0
DA:351,0
DA:352,0
DA:353,0
DA:355,0
DA:360,0
DA:361,0
DA:365,0
DA:368,0
DA:371,0
DA:372,0
DA:373,0
DA:374,0
DA:384,0
DA:386,0
DA:387,0
DA:391,0
DA:394,0
DA:397,0
DA:398,0
DA:399,0
DA:409,0
DA:411,0
DA:412,0
DA:417,0
DA:418,0
DA:419,0
DA:420,0
DA:429,0
DA:430,0
DA:433,0
DA:435,0
DA:436,0
DA:441,0
DA:442,0
DA:443,0
DA:444,0
DA:453,0
DA:455,0
DA:456,0
DA:461,0
DA:462,0
DA:463,0
DA:464,0
DA:466,0
DA:471,0
DA:473,0
DA:474,0
DA:478,0
DA:481,0
DA:484,0
DA:485,0
DA:486,0
DA:488,0
DA:496,0
DA:498,0
DA:499,0
DA:504,0
DA:505,0
DA:506,0
DA:508,0
DA:509,0
DA:512,0
DA:514,0
DA:515,0
DA:518,0
DA:524,0
DA:530,0
DA:532,0
DA:538,0
DA:539,0
DA:541,0
DA:544,0
DA:545,0
DA:550,0
DA:551,0
DA:552,0
DA:554,0
DA:555,0
DA:558,0
DA:559,0
DA:562,0
DA:564,0
DA:565,0
DA:568,0
DA:573,0
DA:574,0
DA:577,0
DA:579,0
DA:580,0
DA:581,0
DA:585,0
DA:590,0
DA:591,0
DA:592,0
DA:596,0
DA:602,0
DA:608,0
DA:614,0
DA:616,0
DA:621,0
DA:622,0
DA:624,0
DA:627,0
DA:628,0
DA:632,0
DA:635,0
DA:638,0
DA:639,0
DA:640,0
DA:642,0
DA:652,0
DA:657,0
DA:658,0
DA:659,0
DA:665,0
DA:668,0
DA:670,0
DA:671,0
DA:675,0
DA:679,0
DA:681,0
DA:682,0
DA:685,0
DA:686,0
DA:687,0
DA:690,0
DA:691,0
DA:693,0
DA:697,0
DA:698,0
DA:701,0
DA:706,0
DA:709,0
DA:710,0
DA:711,0
DA:715,0
DA:719,0
DA:720,0
DA:723,0
DA:730,0
DA:733,0
DA:738,0
DA:739,0
DA:740,0
DA:744,0
DA:748,0
DA:749,0
DA:750,0
DA:754,0
DA:755,0
DA:756,0
DA:757,0
DA:762,0
DA:763,0
DA:764,0
DA:765,0
DA:766,0
DA:767,0
DA:774,0
DA:776,0
DA:777,0
DA:796,0
DA:797,0
DA:798,0
DA:799,0
DA:800,0
DA:801,0
DA:802,0
LF:252
LH:0
BRDA:35,0,0,0
BRDA:35,0,1,0
BRDA:36,1,0,0
BRDA:36,1,1,0
BRDA:37,2,0,0
BRDA:37,2,1,0
BRDA:38,3,0,0
BRDA:38,3,1,0
BRDA:42,4,0,0
BRDA:42,4,1,0
BRDA:50,5,0,0
BRDA:50,5,1,0
BRDA:51,6,0,0
BRDA:51,6,1,0
BRDA:204,7,0,0
BRDA:204,7,1,0
BRDA:227,8,0,0
BRDA:227,8,1,0
BRDA:227,9,0,0
BRDA:227,9,1,0
BRDA:234,10,0,0
BRDA:234,10,1,0
BRDA:242,11,0,0
BRDA:242,11,1,0
BRDA:246,12,0,0
BRDA:246,12,1,0
BRDA:290,13,0,0
BRDA:290,13,1,0
BRDA:308,14,0,0
BRDA:308,14,1,0
BRDA:308,15,0,0
BRDA:308,15,1,0
BRDA:316,16,0,0
BRDA:316,16,1,0
BRDA:335,17,0,0
BRDA:335,17,1,0
BRDA:335,18,0,0
BRDA:335,18,1,0
BRDA:352,19,0,0
BRDA:352,19,1,0
BRDA:429,20,0,0
BRDA:429,20,1,0
BRDA:508,21,0,0
BRDA:508,21,1,0
BRDA:508,22,0,0
BRDA:508,22,1,0
BRDA:508,22,2,0
BRDA:554,23,0,0
BRDA:554,23,1,0
BRDA:554,24,0,0
BRDA:554,24,1,0
BRDA:554,24,2,0
BRDA:554,24,3,0
BRDA:558,25,0,0
BRDA:558,25,1,0
BRDA:573,26,0,0
BRDA:573,26,1,0
BRDA:579,27,0,0
BRDA:579,27,1,0
BRDA:590,28,0,0
BRDA:590,28,1,0
BRDA:611,29,0,0
BRDA:611,29,1,0
BRDA:628,30,0,0
BRDA:628,30,1,0
BRDA:658,31,0,0
BRDA:658,31,1,0
BRDA:658,32,0,0
BRDA:658,32,1,0
BRDA:703,33,0,0
BRDA:703,33,1,0
BRDA:710,34,0,0
BRDA:710,34,1,0
BRDA:727,35,0,0
BRDA:727,35,1,0
BRDA:738,36,0,0
BRDA:738,36,1,0
BRDA:756,37,0,0
BRDA:756,37,1,0
BRDA:763,38,0,0
BRDA:763,38,1,0
BRDA:774,39,0,0
BRDA:774,39,1,0
BRF:83
BRH:0
end_of_record
TN:
SF:social_routes.js
FN:5,(anonymous_0)
FN:27,(anonymous_1)
FN:47,(anonymous_2)
FN:111,(anonymous_3)
FN:156,(anonymous_4)
FNF:5
FNH:0
FNDA:0,(anonymous_0)
FNDA:0,(anonymous_1)
FNDA:0,(anonymous_2)
FNDA:0,(anonymous_3)
FNDA:0,(anonymous_4)
DA:5,0
DA:6,0
DA:7,0
DA:8,0
DA:10,0
DA:27,0
DA:39,0
DA:41,0
DA:42,0
DA:47,0
DA:48,0
DA:49,0
DA:50,0
DA:52,0
DA:53,0
DA:56,0
DA:57,0
DA:60,0
DA:61,0
DA:65,0
DA:72,0
DA:75,0
DA:76,0
DA:81,0
DA:83,0
DA:93,0
DA:99,0
DA:103,0
DA:105,0
DA:106,0
DA:111,0
DA:112,0
DA:113,0
DA:114,0
DA:116,0
DA:117,0
DA:120,0
DA:121,0
DA:125,0
DA:131,0
DA:132,0
DA:133,0
DA:134,0
DA:136,0
DA:137,0
DA:139,0
DA:143,0
DA:148,0
DA:150,0
DA:151,0
DA:156,0
DA:157,0
DA:158,0
DA:160,0
DA:161,0
DA:164,0
DA:175,0
DA:177,0
DA:178,0
LF:59
LH:0
BRDA:7,0,0,0
BRDA:7,0,1,0
BRDA:8,1,0,0
BRDA:8,1,1,0
BRDA:29,2,0,0
BRDA:29,2,1,0
BRDA:30,3,0,0
BRDA:30,3,1,0
BRDA:31,4,0,0
BRDA:31,4,1,0
BRDA:32,5,0,0
BRDA:32,5,1,0
BRDA:36,6,0,0
BRDA:36,6,1,0
BRDA:49,7,0,0
BRDA:49,7,1,0
BRDA:52,8,0,0
BRDA:52,8,1,0
BRDA:56,9,0,0
BRDA:56,9,1,0
BRDA:56,10,0,0
BRDA:56,10,1,0
BRDA:60,11,0,0
BRDA:60,11,1,0
BRDA:70,12,0,0
BRDA:70,12,1,0
BRDA:75,13,0,0
BRDA:75,13,1,0
BRDA:81,14,0,0
BRDA:81,14,1,0
BRDA:88,15,0,0
BRDA:88,15,1,0
BRDA:89,16,0,0
BRDA:89,16,1,0
BRDA:113,17,0,0
BRDA:113,17,1,0
BRDA:116,18,0,0
BRDA:116,18,1,0
BRDA:120,19,0,0
BRDA:120,19,1,0
BRDA:131,20,0,0
BRDA:131,20,1,0
BRDA:133,21,0,0
BRDA:133,21,1,0
BRDA:136,22,0,0
BRDA:136,22,1,0
BRDA:146,23,0,0
BRDA:146,23,1,0
BRDA:158,24,0,0
BRDA:158,24,1,0
BRDA:160,25,0,0
BRDA:160,25,1,0
BRF:52
BRH:0
end_of_record
TN:
SF:sw.js
FNF:0
FNH:0
LF:0
LH:0
BRF:0
BRH:0
end_of_record
TN:
SF:toggle_patch.js
FNF:0
FNH:0
DA:2,0
DA:6,0
DA:7,0
DA:8,0
DA:12,0
DA:13,0
LF:6
LH:0
BRF:0
BRH:0
end_of_record
TN:
SF:memory-bank\patterns\api_endpoint_template.js
FN:5,(anonymous_0)
FN:29,(anonymous_1)
FN:49,(anonymous_2)
FN:97,helperFunction
FNF:4
FNH:0
FNDA:0,(anonymous_0)
FNDA:0,(anonymous_1)
FNDA:0,(anonymous_2)
FNDA:0,helperFunction
DA:5,0
DA:6,0
DA:8,0
DA:11,0
DA:12,0
DA:16,0
DA:17,0
DA:20,0
DA:29,0
DA:36,0
DA:40,0
DA:41,0
DA:49,0
DA:50,0
DA:52,0
DA:54,0
DA:55,0
DA:59,0
DA:61,0
DA:62,0
DA:66,0
DA:67,0
DA:71,0
DA:80,0
DA:81,0
DA:85,0
DA:91,0
DA:92,0
DA:98,0
DA:104,0
LF:30
LH:0
BRDA:8,0,0,0
BRDA:8,0,1,0
BRDA:11,1,0,0
BRDA:11,1,1,0
BRDA:16,2,0,0
BRDA:16,2,1,0
BRDA:17,3,0,0
BRDA:17,3,1,0
BRDA:52,4,0,0
BRDA:52,4,1,0
BRDA:54,5,0,0
BRDA:54,5,1,0
BRDA:61,6,0,0
BRDA:61,6,1,0
BRDA:61,7,0,0
BRDA:61,7,1,0
BRDA:66,8,0,0
BRDA:66,8,1,0
BRDA:80,9,0,0
BRDA:80,9,1,0
BRF:20
BRH:0
end_of_record
TN:
SF:samaywasipisac_backup\static\js\analitics.js
FN:1,(anonymous_0)
FN:8,gtag
FNF:2
FNH:0
FNDA:0,(anonymous_0)
FNDA:0,gtag
DA:1,0
DA:2,0
DA:3,0
DA:4,0
DA:5,0
DA:7,0
DA:8,0
DA:9,0
DA:10,0
LF:9
LH:0
BRDA:7,0,0,0
BRDA:7,0,1,0
BRF:2
BRH:0
end_of_record
TN:
SF:samaywasipisac_backup\static\js\main.js
FN:3,(anonymous_0)
FN:7,(anonymous_1)
FN:8,(anonymous_2)
FN:30,(anonymous_3)
FN:38,(anonymous_4)
FN:48,(anonymous_5)
FN:49,(anonymous_6)
FN:61,(anonymous_7)
FN:62,(anonymous_8)
FNF:9
FNH:0
FNDA:0,(anonymous_0)
FNDA:0,(anonymous_1)
FNDA:0,(anonymous_2)
FNDA:0,(anonymous_3)
FNDA:0,(anonymous_4)
FNDA:0,(anonymous_5)
FNDA:0,(anonymous_6)
FNDA:0,(anonymous_7)
FNDA:0,(anonymous_8)
DA:3,0
DA:6,0
DA:7,0
DA:8,0
DA:9,0
DA:10,0
DA:29,0
DA:30,0
DA:31,0
DA:32,0
DA:33,0
DA:37,0
DA:38,0
DA:39,0
DA:40,0
DA:41,0
DA:42,0
DA:47,0
DA:48,0
DA:49,0
DA:50,0
DA:51,0
DA:52,0
DA:61,0
DA:62,0
LF:25
LH:0
BRF:0
BRH:0
end_of_record
